生成启动时间为 2013/6/2 23:05:10。
     1>项目“F:\MTC265+注释\build\x265\x265.vcxproj”在节点 2 上(build 个目标)。
     1>InitializeBuildStatus:
         正在创建“Debug\MTC265.unsuccessfulbuild”，因为已指定“AlwaysCreate”。
       ClCompile:
         C:\Program Files\Microsoft Visual Studio 10.0\VC\bin\CL.exe /c /ZI /nologo /W3 /WX- /Od /Oy- /D WIN32 /D _DEBUG /D _CONSOLE /D _UNICODE /D UNICODE /Gm /EHsc /RTC1 /MDd /GS /fp:precise /Zc:wchar_t /Zc:forScope /Fo"Debug\\" /Fd"Debug\vc100.pdb" /Gd /TP /analyze- /errorReport:prompt ..\..\src\Entropy.cpp
         Entropy.cpp
     1>f:\mtc265+注释\src\entropy.cpp(1424): warning C4018: “>”: 有符号/无符号不匹配
     1>f:\mtc265+注释\src\entropy.cpp(1424): warning C4018: “>”: 有符号/无符号不匹配
     1>f:\mtc265+注释\src\entropy.cpp(1439): warning C4018: “<”: 有符号/无符号不匹配
     1>f:\mtc265+注释\src\entropy.cpp(1439): warning C4018: “<”: 有符号/无符号不匹配
       ManifestResourceCompile:
         所有输出均为最新。
       Link:
         C:\Program Files\Microsoft Visual Studio 10.0\VC\bin\link.exe /ERRORREPORT:PROMPT /OUT:"F:\MTC265+注释\build\..\bin\Debug\MTC265.exe" /INCREMENTAL /NOLOGO kernel32.lib user32.lib gdi32.lib winspool.lib comdlg32.lib advapi32.lib shell32.lib ole32.lib oleaut32.lib uuid.lib odbc32.lib odbccp32.lib /MANIFEST /ManifestFile:"Debug\MTC265.exe.intermediate.manifest" /MANIFESTUAC:"level='asInvoker' uiAccess='false'" /DEBUG /PDB:"F:\MTC265+注释\bin\Debug\MTC265.pdb" /SUBSYSTEM:CONSOLE /TLBID:1 /DYNAMICBASE /NXCOMPAT /IMPLIB:"F:\MTC265+注释\build\..\bin\Debug\MTC265.lib" /MACHINE:X86 Debug\MTC265.exe.embed.manifest.res
         Debug\bitstream.obj
         Debug\encode.obj
         Debug\Entropy.obj
         Debug\Inter.obj
         Debug\InterpolationFilter.obj
         Debug\Intra.obj
         Debug\loopfilter.obj
         Debug\md5.obj
         Debug\params.obj
         Debug\pixel.obj
         Debug\table.obj
         Debug\MTC265.obj
       Manifest:
         C:\Program Files\Microsoft SDKs\Windows\v7.0A\bin\mt.exe /nologo /verbose /out:"Debug\MTC265.exe.embed.manifest" /manifest Debug\MTC265.exe.intermediate.manifest
         所有输出均为最新。
       LinkEmbedManifest:
         所有输出均为最新。
         x265.vcxproj -> F:\MTC265+注释\build\..\bin\Debug\MTC265.exe
       FinalizeBuildStatus:
         正在删除文件“Debug\MTC265.unsuccessfulbuild”。
         正在对“Debug\MTC265.lastbuildstate”执行 Touch 任务。
     1>已完成生成项目“F:\MTC265+注释\build\x265\x265.vcxproj”(build 个目标)的操作。

生成成功。

已用时间 00:00:03.60
