D:\12.18\X265-SRC-20130226ALL-P-REC-BIN-PUSPLIT-MERGE-OK-UPDATE4-SBAC_RD-16BIT-RDUPDATE-FRACSEARCH-IUPDATE\BIN\DEBUG\X265.EXE
D:\12.18\X265-SRC-20130226ALL-P-REC-BIN-PUSPLIT-MERGE-OK-UPDATE4-SBAC_RD-16BIT-RDUPDATE-FRACSEARCH-IUPDATE\BIN\DEBUG\X265.ILK
D:\12.18\X265-SRC-20130226ALL-P-REC-BIN-PUSPLIT-MERGE-OK-UPDATE4-SBAC_RD-16BIT-RDUPDATE-FRACSEARCH-IUPDATE\BIN\DEBUG\X265.PDB
D:\12.18\x265-src-20130226all-P-rec-bin-PUsplit-Merge-OK-update4-SBAC_RD-16bit-RDupdate-FracSearch-Iupdate\build\..\bin\Debug\x265.exe
D:\12.18\x265-src-20130226all-P-rec-bin-PUsplit-Merge-OK-update4-SBAC_RD-16bit-RDupdate-FracSearch-Iupdate\build\..\bin\Debug\x265.ilk
D:\12.18\x265-src-20130226all-P-rec-bin-PUsplit-Merge-OK-update4-SBAC_RD-16bit-RDupdate-FracSearch-Iupdate\build\..\bin\Debug\x265.pdb
D:\12.18\X265-SRC-20130226ALL-P-REC-BIN-PUSPLIT-MERGE-OK-UPDATE4-SBAC_RD-16BIT-RDUPDATE-FRACSEARCH-IUPDATE\BUILD\X265\DEBUG\BITSTREAM.OBJ
D:\12.18\x265-src-20130226all-P-rec-bin-PUsplit-Merge-OK-update4-SBAC_RD-16bit-RDupdate-FracSearch-Iupdate\build\x265\Debug\cl.command.1.tlog
D:\12.18\x265-src-20130226all-P-rec-bin-PUsplit-Merge-OK-update4-SBAC_RD-16bit-RDupdate-FracSearch-Iupdate\build\x265\Debug\CL.read.1.tlog
D:\12.18\x265-src-20130226all-P-rec-bin-PUsplit-Merge-OK-update4-SBAC_RD-16bit-RDupdate-FracSearch-Iupdate\build\x265\Debug\CL.write.1.tlog
D:\12.18\X265-SRC-20130226ALL-P-REC-BIN-PUSPLIT-MERGE-OK-UPDATE4-SBAC_RD-16BIT-RDUPDATE-FRACSEARCH-IUPDATE\BUILD\X265\DEBUG\ENCODE.OBJ
D:\12.18\X265-SRC-20130226ALL-P-REC-BIN-PUSPLIT-MERGE-OK-UPDATE4-SBAC_RD-16BIT-RDUPDATE-FRACSEARCH-IUPDATE\BUILD\X265\DEBUG\INTERPOLATIONFILTER.OBJ
D:\12.18\X265-SRC-20130226ALL-P-REC-BIN-PUSPLIT-MERGE-OK-UPDATE4-SBAC_RD-16BIT-RDUPDATE-FRACSEARCH-IUPDATE\BUILD\X265\DEBUG\INTERPOLATIONFILTER16BIT.OBJ
D:\12.18\x265-src-20130226all-P-rec-bin-PUsplit-Merge-OK-update4-SBAC_RD-16bit-RDupdate-FracSearch-Iupdate\build\x265\Debug\link.13492.read.1.tlog
D:\12.18\x265-src-20130226all-P-rec-bin-PUsplit-Merge-OK-update4-SBAC_RD-16bit-RDupdate-FracSearch-Iupdate\build\x265\Debug\link.13492.write.1.tlog
D:\12.18\x265-src-20130226all-P-rec-bin-PUsplit-Merge-OK-update4-SBAC_RD-16bit-RDupdate-FracSearch-Iupdate\build\x265\Debug\link.13492-cvtres.read.1.tlog
D:\12.18\x265-src-20130226all-P-rec-bin-PUsplit-Merge-OK-update4-SBAC_RD-16bit-RDupdate-FracSearch-Iupdate\build\x265\Debug\link.13492-cvtres.write.1.tlog
D:\12.18\x265-src-20130226all-P-rec-bin-PUsplit-Merge-OK-update4-SBAC_RD-16bit-RDupdate-FracSearch-Iupdate\build\x265\Debug\link.command.1.tlog
D:\12.18\x265-src-20130226all-P-rec-bin-PUsplit-Merge-OK-update4-SBAC_RD-16bit-RDupdate-FracSearch-Iupdate\build\x265\Debug\link.read.1.tlog
D:\12.18\x265-src-20130226all-P-rec-bin-PUsplit-Merge-OK-update4-SBAC_RD-16bit-RDupdate-FracSearch-Iupdate\build\x265\Debug\link.write.1.tlog
D:\12.18\x265-src-20130226all-P-rec-bin-PUsplit-Merge-OK-update4-SBAC_RD-16bit-RDupdate-FracSearch-Iupdate\build\x265\Debug\link-cvtres.read.1.tlog
D:\12.18\x265-src-20130226all-P-rec-bin-PUsplit-Merge-OK-update4-SBAC_RD-16bit-RDupdate-FracSearch-Iupdate\build\x265\Debug\link-cvtres.write.1.tlog
D:\12.18\X265-SRC-20130226ALL-P-REC-BIN-PUSPLIT-MERGE-OK-UPDATE4-SBAC_RD-16BIT-RDUPDATE-FRACSEARCH-IUPDATE\BUILD\X265\DEBUG\LOOPFILTER.OBJ
D:\12.18\X265-SRC-20130226ALL-P-REC-BIN-PUSPLIT-MERGE-OK-UPDATE4-SBAC_RD-16BIT-RDUPDATE-FRACSEARCH-IUPDATE\BUILD\X265\DEBUG\MD5.OBJ
D:\12.18\x265-src-20130226all-P-rec-bin-PUsplit-Merge-OK-update4-SBAC_RD-16bit-RDupdate-FracSearch-Iupdate\build\x265\Debug\mt.command.1.tlog
D:\12.18\x265-src-20130226all-P-rec-bin-PUsplit-Merge-OK-update4-SBAC_RD-16bit-RDupdate-FracSearch-Iupdate\build\x265\Debug\mt.read.1.tlog
D:\12.18\x265-src-20130226all-P-rec-bin-PUsplit-Merge-OK-update4-SBAC_RD-16bit-RDupdate-FracSearch-Iupdate\build\x265\Debug\mt.write.1.tlog
D:\12.18\X265-SRC-20130226ALL-P-REC-BIN-PUSPLIT-MERGE-OK-UPDATE4-SBAC_RD-16BIT-RDUPDATE-FRACSEARCH-IUPDATE\BUILD\X265\DEBUG\PARAMS.OBJ
D:\12.18\X265-SRC-20130226ALL-P-REC-BIN-PUSPLIT-MERGE-OK-UPDATE4-SBAC_RD-16BIT-RDUPDATE-FRACSEARCH-IUPDATE\BUILD\X265\DEBUG\PIXEL.OBJ
D:\12.18\x265-src-20130226all-P-rec-bin-PUsplit-Merge-OK-update4-SBAC_RD-16bit-RDupdate-FracSearch-Iupdate\build\x265\Debug\rc.command.1.tlog
D:\12.18\x265-src-20130226all-P-rec-bin-PUsplit-Merge-OK-update4-SBAC_RD-16bit-RDupdate-FracSearch-Iupdate\build\x265\Debug\rc.read.1.tlog
D:\12.18\x265-src-20130226all-P-rec-bin-PUsplit-Merge-OK-update4-SBAC_RD-16bit-RDupdate-FracSearch-Iupdate\build\x265\Debug\rc.write.1.tlog
D:\12.18\X265-SRC-20130226ALL-P-REC-BIN-PUSPLIT-MERGE-OK-UPDATE4-SBAC_RD-16BIT-RDUPDATE-FRACSEARCH-IUPDATE\BUILD\X265\DEBUG\TABLE.OBJ
D:\12.18\X265-SRC-20130226ALL-P-REC-BIN-PUSPLIT-MERGE-OK-UPDATE4-SBAC_RD-16BIT-RDUPDATE-FRACSEARCH-IUPDATE\BUILD\X265\DEBUG\TESTVEC.OBJ
D:\12.18\x265-src-20130226all-P-rec-bin-PUsplit-Merge-OK-update4-SBAC_RD-16bit-RDupdate-FracSearch-Iupdate\build\x265\Debug\vc100.idb
D:\12.18\X265-SRC-20130226ALL-P-REC-BIN-PUSPLIT-MERGE-OK-UPDATE4-SBAC_RD-16BIT-RDUPDATE-FRACSEARCH-IUPDATE\BUILD\X265\DEBUG\VC100.PDB
D:\12.18\X265-SRC-20130226ALL-P-REC-BIN-PUSPLIT-MERGE-OK-UPDATE4-SBAC_RD-16BIT-RDUPDATE-FRACSEARCH-IUPDATE\BUILD\X265\DEBUG\X265.EXE.EMBED.MANIFEST
D:\12.18\X265-SRC-20130226ALL-P-REC-BIN-PUSPLIT-MERGE-OK-UPDATE4-SBAC_RD-16BIT-RDUPDATE-FRACSEARCH-IUPDATE\BUILD\X265\DEBUG\X265.EXE.EMBED.MANIFEST.RES
D:\12.18\X265-SRC-20130226ALL-P-REC-BIN-PUSPLIT-MERGE-OK-UPDATE4-SBAC_RD-16BIT-RDUPDATE-FRACSEARCH-IUPDATE\BUILD\X265\DEBUG\X265.EXE.INTERMEDIATE.MANIFEST
D:\12.18\X265-SRC-20130226ALL-P-REC-BIN-PUSPLIT-MERGE-OK-UPDATE4-SBAC_RD-16BIT-RDUPDATE-FRACSEARCH-IUPDATE\BUILD\X265\DEBUG\X265.OBJ
D:\12.18\x265-src-20130226all-P-rec-bin-PUsplit-Merge-OK-update4-SBAC_RD-16bit-RDupdate-FracSearch-Iupdate\build\x265\Debug\x265_manifest.rc
