D:\12.18\MTC265\BIN\RELEASE\X265.EXE
D:\12.18\MTC265\BIN\RELEASE\X265.PDB
D:\12.18\MTC265\build\..\bin\Release\x265.exe
D:\12.18\MTC265\build\..\bin\Release\x265.pdb
D:\12.18\MTC265\BUILD\X265\RELEASE\BITSTREAM.OBJ
D:\12.18\MTC265\build\x265\Release\cl.command.1.tlog
D:\12.18\MTC265\build\x265\Release\CL.read.1.tlog
D:\12.18\MTC265\build\x265\Release\CL.write.1.tlog
D:\12.18\MTC265\BUILD\X265\RELEASE\ENCODE.OBJ
D:\12.18\MTC265\BUILD\X265\RELEASE\INTERPOLATIONFILTER.OBJ
D:\12.18\MTC265\BUILD\X265\RELEASE\INTERPOLATIONFILTER16BIT.OBJ
D:\12.18\MTC265\build\x265\Release\link.command.1.tlog
D:\12.18\MTC265\build\x265\Release\link.read.1.tlog
D:\12.18\MTC265\build\x265\Release\link.write.1.tlog
D:\12.18\MTC265\BUILD\X265\RELEASE\LOOPFILTER.OBJ
D:\12.18\MTC265\BUILD\X265\RELEASE\MD5.OBJ
D:\12.18\MTC265\build\x265\Release\mt.command.1.tlog
D:\12.18\MTC265\build\x265\Release\mt.read.1.tlog
D:\12.18\MTC265\build\x265\Release\mt.write.1.tlog
D:\12.18\MTC265\BUILD\X265\RELEASE\PARAMS.OBJ
D:\12.18\MTC265\BUILD\X265\RELEASE\PIXEL.OBJ
D:\12.18\MTC265\BUILD\X265\RELEASE\TABLE.OBJ
D:\12.18\MTC265\BUILD\X265\RELEASE\TESTVEC.OBJ
D:\12.18\MTC265\BUILD\X265\RELEASE\VC100.PDB
D:\12.18\MTC265\BUILD\X265\RELEASE\X265.EXE.INTERMEDIATE.MANIFEST
D:\12.18\MTC265\BUILD\X265\RELEASE\X265.OBJ
D:\12.18\X265-SRC-20130226ALL-P-REC-BIN-PUSPLIT-MERGE-OK-UPDATE4-SBAC_RD-16BIT-RDUPDATE-FRACSEARCH-IUPDATE\BIN\RELEASE\X265.EXE
D:\12.18\X265-SRC-20130226ALL-P-REC-BIN-PUSPLIT-MERGE-OK-UPDATE4-SBAC_RD-16BIT-RDUPDATE-FRACSEARCH-IUPDATE\BIN\RELEASE\X265.PDB
D:\12.18\X265-SRC-20130226ALL-P-REC-BIN-PUSPLIT-MERGE-OK-UPDATE4-SBAC_RD-16BIT-RDUPDATE-FRACSEARCH-IUPDATE\BUILD\X265\RELEASE\BITSTREAM.OBJ
D:\12.18\X265-SRC-20130226ALL-P-REC-BIN-PUSPLIT-MERGE-OK-UPDATE4-SBAC_RD-16BIT-RDUPDATE-FRACSEARCH-IUPDATE\BUILD\X265\RELEASE\ENCODE.OBJ
D:\12.18\X265-SRC-20130226ALL-P-REC-BIN-PUSPLIT-MERGE-OK-UPDATE4-SBAC_RD-16BIT-RDUPDATE-FRACSEARCH-IUPDATE\BUILD\X265\RELEASE\INTERPOLATIONFILTER.OBJ
D:\12.18\X265-SRC-20130226ALL-P-REC-BIN-PUSPLIT-MERGE-OK-UPDATE4-SBAC_RD-16BIT-RDUPDATE-FRACSEARCH-IUPDATE\BUILD\X265\RELEASE\INTERPOLATIONFILTER16BIT.OBJ
D:\12.18\X265-SRC-20130226ALL-P-REC-BIN-PUSPLIT-MERGE-OK-UPDATE4-SBAC_RD-16BIT-RDUPDATE-FRACSEARCH-IUPDATE\BUILD\X265\RELEASE\LOOPFILTER.OBJ
D:\12.18\X265-SRC-20130226ALL-P-REC-BIN-PUSPLIT-MERGE-OK-UPDATE4-SBAC_RD-16BIT-RDUPDATE-FRACSEARCH-IUPDATE\BUILD\X265\RELEASE\MD5.OBJ
D:\12.18\X265-SRC-20130226ALL-P-REC-BIN-PUSPLIT-MERGE-OK-UPDATE4-SBAC_RD-16BIT-RDUPDATE-FRACSEARCH-IUPDATE\BUILD\X265\RELEASE\PARAMS.OBJ
D:\12.18\X265-SRC-20130226ALL-P-REC-BIN-PUSPLIT-MERGE-OK-UPDATE4-SBAC_RD-16BIT-RDUPDATE-FRACSEARCH-IUPDATE\BUILD\X265\RELEASE\PIXEL.OBJ
D:\12.18\X265-SRC-20130226ALL-P-REC-BIN-PUSPLIT-MERGE-OK-UPDATE4-SBAC_RD-16BIT-RDUPDATE-FRACSEARCH-IUPDATE\BUILD\X265\RELEASE\TABLE.OBJ
D:\12.18\X265-SRC-20130226ALL-P-REC-BIN-PUSPLIT-MERGE-OK-UPDATE4-SBAC_RD-16BIT-RDUPDATE-FRACSEARCH-IUPDATE\BUILD\X265\RELEASE\TESTVEC.OBJ
D:\12.18\X265-SRC-20130226ALL-P-REC-BIN-PUSPLIT-MERGE-OK-UPDATE4-SBAC_RD-16BIT-RDUPDATE-FRACSEARCH-IUPDATE\BUILD\X265\RELEASE\VC100.PDB
D:\12.18\X265-SRC-20130226ALL-P-REC-BIN-PUSPLIT-MERGE-OK-UPDATE4-SBAC_RD-16BIT-RDUPDATE-FRACSEARCH-IUPDATE\BUILD\X265\RELEASE\X265.EXE.INTERMEDIATE.MANIFEST
D:\12.18\X265-SRC-20130226ALL-P-REC-BIN-PUSPLIT-MERGE-OK-UPDATE4-SBAC_RD-16BIT-RDUPDATE-FRACSEARCH-IUPDATE\BUILD\X265\RELEASE\X265.OBJ
